[15:53:25] [main/INFO]: Environment: authHost='https://authserver.mojang.com', accountsHost='https://api.mojang.com', sessionHost='https://sessionserver.mojang.com', name='PROD'
[15:53:25] [main/INFO]: Reloading ResourceManager: Default, bukkit
[15:53:25] [Worker-Main-4/INFO]: Loaded 7 recipes
[15:53:26] [Server thread/INFO]: Starting minecraft server version 1.16.3
[15:53:26] [Server thread/INFO]: Loading properties
[15:53:27] [Server thread/INFO]: This server is running Paper version git-Paper-251 (MC: 1.16.3) (Implementing API version 1.16.3-R0.1-SNAPSHOT)
[15:53:27] [Server thread/INFO]: Debug logging is disabled
[15:53:27] [Server thread/INFO]: Server Ping Player Sample Count: 12
[15:53:27] [Server thread/INFO]: Using 4 threads for Netty based IO
[15:53:27] [Server thread/INFO]: Default game type: SURVIVAL
[15:53:27] [Server thread/INFO]: Generating keypair
[15:53:27] [Server thread/INFO]: Starting Minecraft server on *:25565
[15:53:27] [Server thread/INFO]: Using default channel type
[15:53:27] [Server thread/WARN]: Initializing Legacy Material Support. Unless you have legacy plugins and/or data this is a bug!
[15:53:29] [Server thread/WARN]: Legacy plugin ColoredSigns v4.1.0 does not specify an api-version.
[15:53:29] [Server thread/INFO]: [Micord] Loading Micord v1.1
[15:53:29] [Server thread/INFO]: [SkinsRestorer] Loading SkinsRestorer v13.8.4
[15:53:29] [Server thread/INFO]: [WorldEdit] Loading WorldEdit v7.2.0-SNAPSHOT+b9e750f
[15:53:29] [Server thread/INFO]: Got request to register class com.sk89q.worldedit.bukkit.BukkitServerInterface with WorldEdit [com.sk89q.worldedit.extension.platform.PlatformManager@775faf8a]
[15:53:29] [Server thread/INFO]: [Colored Signs] Loading ColoredSigns v4.1.0
[15:53:29] [Server thread/INFO]: [TreeFeller] Loading TreeFeller v1.13.5
[15:53:29] [Server thread/INFO]: [MineableSpawners] Loading MineableSpawners v3.0.10
[15:53:29] [Server thread/INFO]: [ChestSort] Loading ChestSort v8.17.7
[15:53:29] [Server thread/INFO]: [WorldGuard] Loading WorldGuard v7.0.4+f7ff984
[15:53:29] [Server thread/INFO]: [EliteMobs] Loading EliteMobs v7.2.0
[15:53:30] [Server thread/INFO]: [EliteMobs] WorldGuard detected.
[15:53:30] [Server thread/INFO]: [EliteMobs] Enabling flags:
[15:53:30] [Server thread/INFO]: [EliteMobs] - elitemob-spawning
[15:53:30] [Server thread/INFO]: [EliteMobs] - elitemob-only-spawning
[15:53:30] [Server thread/INFO]: [EliteMobs] - elitemobs-antiexploit
[15:53:30] [Server thread/INFO]: [EliteMobs] - elitemobs-dungeon
[15:53:30] [Server thread/INFO]: [EliteMobs] - elitemobs-events
[15:53:30] [Server thread/INFO]: [EliteMobs] - elitemobs-minimum-level
[15:53:30] [Server thread/INFO]: [EliteMobs] - elitemobs-maximum-level
[15:53:30] [Server thread/INFO]: [mcMMO] Loading mcMMO v2.1.151-SNAPSHOT
[15:53:30] [Server thread/INFO]: [mcMMO] Registered WG flags successfully!
[15:53:30] [Server thread/INFO]: [SmoothTimber] Loading SmoothTimber v1.9.2
[15:53:30] [Server thread/WARN]: Server permissions file permissions.yml is not valid YAML.
java.lang.ClassCastException: java.lang.String cannot be cast to java.util.Map
	at org.bukkit.craftbukkit.v1_16_R2.CraftServer.loadCustomPermissions(CraftServer.java:1009) ~[patched_1.16.3.jar:git-Paper-251]
	at org.bukkit.craftbukkit.v1_16_R2.CraftServer.enablePlugins(CraftServer.java:408) ~[patched_1.16.3.jar:git-Paper-251]
	at net.minecraft.server.v1_16_R2.DedicatedServer.init(DedicatedServer.java:205) ~[patched_1.16.3.jar:git-Paper-251]
	at net.minecraft.server.v1_16_R2.MinecraftServer.w(MinecraftServer.java:939) ~[patched_1.16.3.jar:git-Paper-251]
	at net.minecraft.server.v1_16_R2.MinecraftServer.lambda$a$0(MinecraftServer.java:177) ~[patched_1.16.3.jar:git-Paper-251]
	at java.lang.Thread.run(Unknown Source) [?:1.8.0_271]
[15:53:30] [Server thread/INFO]: [WorldEdit] Enabling WorldEdit v7.2.0-SNAPSHOT+b9e750f
[15:53:30] [Server thread/INFO]: WEPIF: Using the Bukkit Permissions API.
[15:53:30] [Server thread/INFO]: Using com.sk89q.worldedit.bukkit.adapter.impl.Spigot_v1_16_R2 as the Bukkit adapter
[15:53:30] [Server thread/WARN]: **** SERVER IS RUNNING IN OFFLINE/INSECURE MODE!
[15:53:30] [Server thread/WARN]: The server will make no attempt to authenticate usernames. Beware.
[15:53:30] [Server thread/WARN]: While this makes the game possible to play without internet access, it also opens up the ability for hackers to connect with any username they choose.
[15:53:30] [Server thread/WARN]: To change this, set "online-mode" to "true" in the server.properties file.
[15:53:30] [Server thread/INFO]: Preparing level "world"
[15:53:30] [Server thread/INFO]: -------- World Settings For [world] --------
[15:53:30] [Server thread/INFO]: Allow Zombie Pigmen to spawn from portal blocks: true
[15:53:30] [Server thread/INFO]: Entity Tracking Range: Pl 48 / An 48 / Mo 48 / Mi 32 / Other 64
[15:53:30] [Server thread/INFO]: Item Merge Radius: 2.5
[15:53:30] [Server thread/INFO]: Item Despawn Rate: 6000
[15:53:30] [Server thread/INFO]: View Distance: 10
[15:53:30] [Server thread/INFO]: Mob Spawn Range: 8
[15:53:30] [Server thread/INFO]: Arrow Despawn Rate: 1200 Trident Respawn Rate:1200
[15:53:30] [Server thread/INFO]: Nerfing mobs spawned from spawners: false
[15:53:30] [Server thread/INFO]: Zombie Aggressive Towards Villager: true
[15:53:30] [Server thread/INFO]: Custom Map Seeds:  Village: 10387312 Desert: 14357617 Igloo: 14357618 Jungle: 14357619 Swamp: 14357620 Monument: 10387313 Ocean: 14357621 Shipwreck: 165745295 End City: 10387313 Slime: 987234911 Bastion: 30084232 Fortress: 30084232 Mansion: 10387319 Fossil: 14357921 Portal: 34222645
[15:53:30] [Server thread/INFO]: Cactus Growth Modifier: 100%
[15:53:30] [Server thread/INFO]: Cane Growth Modifier: 100%
[15:53:30] [Server thread/INFO]: Melon Growth Modifier: 100%
[15:53:30] [Server thread/INFO]: Mushroom Growth Modifier: 100%
[15:53:30] [Server thread/INFO]: Pumpkin Growth Modifier: 100%
[15:53:30] [Server thread/INFO]: Sapling Growth Modifier: 100%
[15:53:30] [Server thread/INFO]: Beetroot Growth Modifier: 100%
[15:53:30] [Server thread/INFO]: Carrot Growth Modifier: 100%
[15:53:30] [Server thread/INFO]: Potato Growth Modifier: 100%
[15:53:30] [Server thread/INFO]: Wheat Growth Modifier: 100%
[15:53:30] [Server thread/INFO]: NetherWart Growth Modifier: 100%
[15:53:30] [Server thread/INFO]: Vine Growth Modifier: 100%
[15:53:30] [Server thread/INFO]: Cocoa Growth Modifier: 100%
[15:53:30] [Server thread/INFO]: Bamboo Growth Modifier: 100%
[15:53:30] [Server thread/INFO]: SweetBerry Growth Modifier: 100%
[15:53:30] [Server thread/INFO]: Kelp Growth Modifier: 100%
[15:53:30] [Server thread/INFO]: Experience Merge Radius: 3.0
[15:53:30] [Server thread/INFO]: Max TNT Explosions: 100
[15:53:30] [Server thread/INFO]: Tile Max Tick Time: 50ms Entity max Tick Time: 50ms
[15:53:30] [Server thread/INFO]: Entity Activation Range: An 32 / Mo 32 / Ra 48 / Mi 16 / Tiv true
[15:53:30] [Server thread/INFO]: Hopper Transfer: 8 Hopper Check: 1 Hopper Amount: 1
[15:53:30] [Server thread/INFO]: Registering commands with com.sk89q.worldedit.bukkit.BukkitServerInterface
[15:53:30] [Server thread/INFO]: -------- World Settings For [world_nether] --------
[15:53:30] [Server thread/INFO]: Allow Zombie Pigmen to spawn from portal blocks: true
[15:53:30] [Server thread/INFO]: Entity Tracking Range: Pl 48 / An 48 / Mo 48 / Mi 32 / Other 64
[15:53:30] [Server thread/INFO]: Item Merge Radius: 2.5
[15:53:30] [Server thread/INFO]: Item Despawn Rate: 6000
[15:53:30] [Server thread/INFO]: View Distance: 10
[15:53:30] [Server thread/INFO]: Mob Spawn Range: 8
[15:53:30] [Server thread/INFO]: Arrow Despawn Rate: 1200 Trident Respawn Rate:1200
[15:53:30] [Server thread/INFO]: Nerfing mobs spawned from spawners: false
[15:53:30] [Server thread/INFO]: Zombie Aggressive Towards Villager: true
[15:53:30] [Server thread/INFO]: Custom Map Seeds:  Village: 10387312 Desert: 14357617 Igloo: 14357618 Jungle: 14357619 Swamp: 14357620 Monument: 10387313 Ocean: 14357621 Shipwreck: 165745295 End City: 10387313 Slime: 987234911 Bastion: 30084232 Fortress: 30084232 Mansion: 10387319 Fossil: 14357921 Portal: 34222645
[15:53:30] [Server thread/INFO]: Cactus Growth Modifier: 100%
[15:53:30] [Server thread/INFO]: Cane Growth Modifier: 100%
[15:53:30] [Server thread/INFO]: Melon Growth Modifier: 100%
[15:53:30] [Server thread/INFO]: Mushroom Growth Modifier: 100%
[15:53:30] [Server thread/INFO]: Pumpkin Growth Modifier: 100%
[15:53:30] [Server thread/INFO]: Sapling Growth Modifier: 100%
[15:53:30] [Server thread/INFO]: Beetroot Growth Modifier: 100%
[15:53:30] [Server thread/INFO]: Carrot Growth Modifier: 100%
[15:53:30] [Server thread/INFO]: Potato Growth Modifier: 100%
[15:53:30] [Server thread/INFO]: Wheat Growth Modifier: 100%
[15:53:30] [Server thread/INFO]: NetherWart Growth Modifier: 100%
[15:53:30] [Server thread/INFO]: Vine Growth Modifier: 100%
[15:53:30] [Server thread/INFO]: Cocoa Growth Modifier: 100%
[15:53:30] [Server thread/INFO]: Bamboo Growth Modifier: 100%
[15:53:30] [Server thread/INFO]: SweetBerry Growth Modifier: 100%
[15:53:30] [Server thread/INFO]: Kelp Growth Modifier: 100%
[15:53:30] [Server thread/INFO]: Experience Merge Radius: 3.0
[15:53:30] [Server thread/INFO]: Max TNT Explosions: 100
[15:53:30] [Server thread/INFO]: Tile Max Tick Time: 50ms Entity max Tick Time: 50ms
[15:53:30] [Server thread/INFO]: Entity Activation Range: An 32 / Mo 32 / Ra 48 / Mi 16 / Tiv true
[15:53:30] [Server thread/INFO]: Hopper Transfer: 8 Hopper Check: 1 Hopper Amount: 1
[15:53:30] [Server thread/INFO]: -------- World Settings For [world_the_end] --------
[15:53:30] [Server thread/INFO]: Allow Zombie Pigmen to spawn from portal blocks: true
[15:53:30] [Server thread/INFO]: Entity Tracking Range: Pl 48 / An 48 / Mo 48 / Mi 32 / Other 64
[15:53:30] [Server thread/INFO]: Item Merge Radius: 2.5
[15:53:30] [Server thread/INFO]: Item Despawn Rate: 6000
[15:53:30] [Server thread/INFO]: View Distance: 10
[15:53:30] [Server thread/INFO]: Mob Spawn Range: 8
[15:53:30] [Server thread/INFO]: Arrow Despawn Rate: 1200 Trident Respawn Rate:1200
[15:53:30] [Server thread/INFO]: Nerfing mobs spawned from spawners: false
[15:53:30] [Server thread/INFO]: Zombie Aggressive Towards Villager: true
[15:53:30] [Server thread/INFO]: Custom Map Seeds:  Village: 10387312 Desert: 14357617 Igloo: 14357618 Jungle: 14357619 Swamp: 14357620 Monument: 10387313 Ocean: 14357621 Shipwreck: 165745295 End City: 10387313 Slime: 987234911 Bastion: 30084232 Fortress: 30084232 Mansion: 10387319 Fossil: 14357921 Portal: 34222645
[15:53:30] [Server thread/INFO]: Cactus Growth Modifier: 100%
[15:53:30] [Server thread/INFO]: Cane Growth Modifier: 100%
[15:53:30] [Server thread/INFO]: Melon Growth Modifier: 100%
[15:53:30] [Server thread/INFO]: Mushroom Growth Modifier: 100%
[15:53:30] [Server thread/INFO]: Pumpkin Growth Modifier: 100%
[15:53:30] [Server thread/INFO]: Sapling Growth Modifier: 100%
[15:53:30] [Server thread/INFO]: Beetroot Growth Modifier: 100%
[15:53:30] [Server thread/INFO]: Carrot Growth Modifier: 100%
[15:53:30] [Server thread/INFO]: Potato Growth Modifier: 100%
[15:53:30] [Server thread/INFO]: Wheat Growth Modifier: 100%
[15:53:30] [Server thread/INFO]: NetherWart Growth Modifier: 100%
[15:53:30] [Server thread/INFO]: Vine Growth Modifier: 100%
[15:53:30] [Server thread/INFO]: Cocoa Growth Modifier: 100%
[15:53:30] [Server thread/INFO]: Bamboo Growth Modifier: 100%
[15:53:30] [Server thread/INFO]: SweetBerry Growth Modifier: 100%
[15:53:30] [Server thread/INFO]: Kelp Growth Modifier: 100%
[15:53:30] [Server thread/INFO]: Experience Merge Radius: 3.0
[15:53:30] [Server thread/INFO]: Max TNT Explosions: 100
[15:53:30] [Server thread/INFO]: Tile Max Tick Time: 50ms Entity max Tick Time: 50ms
[15:53:30] [Server thread/INFO]: Entity Activation Range: An 32 / Mo 32 / Ra 48 / Mi 16 / Tiv true
[15:53:30] [Server thread/INFO]: Hopper Transfer: 8 Hopper Check: 1 Hopper Amount: 1
[15:53:30] [Server thread/INFO]: Preparing start region for dimension minecraft:overworld
[15:53:30] [Server thread/INFO]: Loaded 0 spawn chunks for world world
[15:53:30] [Server thread/INFO]: Preparing spawn area: 0%
[15:53:30] [Server thread/INFO]: Time elapsed: 220 ms
[15:53:30] [Server thread/INFO]: Preparing start region for dimension minecraft:the_nether
[15:53:31] [Server thread/INFO]: Loaded 0 spawn chunks for world world_nether
[15:53:31] [Server thread/INFO]: Preparing spawn area: 0%
[15:53:31] [Server thread/INFO]: Time elapsed: 210 ms
[15:53:31] [Server thread/INFO]: Preparing start region for dimension minecraft:the_end
[15:53:31] [Server thread/INFO]: Loaded 0 spawn chunks for world world_the_end
[15:53:31] [Server thread/INFO]: Time elapsed: 41 ms
[15:53:31] [Server thread/INFO]: [Micord] Enabling Micord v1.1
[15:53:31] [Server thread/INFO]: Config.yml Found, Loading
[15:53:32] [Server thread/WARN]: javax.security.auth.login.LoginException: The provided token is invalid!
[15:53:32] [Server thread/WARN]: 	at net.dv8tion.jda.internal.JDAImpl.verifyToken(JDAImpl.java:367)
[15:53:32] [Server thread/WARN]: 	at net.dv8tion.jda.internal.JDAImpl.login(JDAImpl.java:284)
[15:53:32] [Server thread/WARN]: 	at net.dv8tion.jda.internal.JDAImpl.login(JDAImpl.java:251)
[15:53:32] [Server thread/WARN]: 	at net.dv8tion.jda.api.JDABuilder.build(JDABuilder.java:1849)
[15:53:32] [Server thread/WARN]: 	at xyz.adhdev.micord.Main.onEnable(Main.java:35)
[15:53:32] [Server thread/WARN]: 	at org.bukkit.plugin.java.JavaPlugin.setEnabled(JavaPlugin.java:263)
[15:53:32] [Server thread/WARN]: 	at org.bukkit.plugin.java.JavaPluginLoader.enablePlugin(JavaPluginLoader.java:380)
[15:53:32] [Server thread/WARN]: 	at org.bukkit.plugin.SimplePluginManager.enablePlugin(SimplePluginManager.java:483)
[15:53:32] [Server thread/WARN]: 	at org.bukkit.craftbukkit.v1_16_R2.CraftServer.enablePlugin(CraftServer.java:501)
[15:53:32] [Server thread/WARN]: 	at org.bukkit.craftbukkit.v1_16_R2.CraftServer.enablePlugins(CraftServer.java:415)
[15:53:32] [Server thread/WARN]: 	at net.minecraft.server.v1_16_R2.MinecraftServer.loadWorld(MinecraftServer.java:468)
[15:53:32] [Server thread/WARN]: 	at net.minecraft.server.v1_16_R2.DedicatedServer.init(DedicatedServer.java:237)
[15:53:32] [Server thread/WARN]: 	at net.minecraft.server.v1_16_R2.MinecraftServer.w(MinecraftServer.java:939)
[15:53:32] [Server thread/WARN]: 	at net.minecraft.server.v1_16_R2.MinecraftServer.lambda$a$0(MinecraftServer.java:177)
[15:53:32] [Server thread/WARN]: 	at java.lang.Thread.run(Unknown Source)
[15:53:32] [Server thread/INFO]: Micord Successfully Enabled
[15:53:32] [Server thread/INFO]: [SkinsRestorer] Enabling SkinsRestorer v13.8.4
[15:53:32] [Server thread/INFO]: [SkinsRestorer] Using PaperSkinRefresher
[15:53:32] [Server thread/INFO]: [SkinsRestorer] Detected Minecraft v1_16_R2, using UniversalSkinFactory.
[15:53:32] [Server thread/INFO]: [SkinsRestorer] Saving new config value PREFIX to messages.yml
[15:53:32] [Server thread/INFO]: [SkinsRestorer] Saving new config value HELP_SKIN_CLEAR to messages.yml
[15:53:32] [Server thread/INFO]: [SkinsRestorer] Saving new config value HELP_SKIN_CLEAR_OTHER to messages.yml
[15:53:32] [Server thread/INFO]: [SkinsRestorer] Saving new config value HELP_SKIN_UPDATE to messages.yml
[15:53:32] [Server thread/INFO]: [SkinsRestorer] Saving new config value HELP_SKIN_UPDATE_OTHER to messages.yml
[15:53:32] [Server thread/INFO]: [SkinsRestorer] Saving new config value HELP_SKIN_SET to messages.yml
[15:53:32] [Server thread/INFO]: [SkinsRestorer] Saving new config value HELP_SKIN_SET_OTHER to messages.yml
[15:53:32] [Server thread/INFO]: [SkinsRestorer] Saving new config value HELP_SKIN_SET_OTHER_URL to messages.yml
[15:53:32] [Server thread/INFO]: [SkinsRestorer] Saving new config value HELP_SR_RELOAD to messages.yml
[15:53:32] [Server thread/INFO]: [SkinsRestorer] Saving new config value HELP_SR_STATUS to messages.yml
[15:53:32] [Server thread/INFO]: [SkinsRestorer] Saving new config value HELP_SR_DROP to messages.yml
[15:53:32] [Server thread/INFO]: [SkinsRestorer] Saving new config value HELP_SR_PROPS to messages.yml
[15:53:32] [Server thread/INFO]: [SkinsRestorer] Saving new config value SYNTAX_DEFAULTCOMMAND to messages.yml
[15:53:32] [Server thread/INFO]: [SkinsRestorer] Saving new config value SYNTAX_SKINSET to messages.yml
[15:53:32] [Server thread/INFO]: [SkinsRestorer] Saving new config value SYNTAX_SKINSET_OTHER to messages.yml
[15:53:32] [Server thread/INFO]: [SkinsRestorer] Saving new config value SYNTAX_SKINURL to messages.yml
[15:53:32] [Server thread/INFO]: [SkinsRestorer] Saving new config value SYNTAX_SKINUPDATE_OTHER to messages.yml
[15:53:32] [Server thread/INFO]: [SkinsRestorer] Saving new config value SYNTAX_SKINCLEAR_OTHER to messages.yml
[15:53:32] [Server thread/INFO]: [SkinsRestorer] Saving new config value PLAYER_HAS_NO_PERMISSION_SKIN to messages.yml
[15:53:32] [Server thread/INFO]: [SkinsRestorer] Saving new config value PLAYER_HAS_NO_PERMISSION_URL to messages.yml
[15:53:32] [Server thread/INFO]: [SkinsRestorer] Saving new config value SKIN_DISABLED to messages.yml
[15:53:32] [Server thread/INFO]: [SkinsRestorer] Saving new config value NOT_PREMIUM to messages.yml
[15:53:32] [Server thread/INFO]: [SkinsRestorer] Saving new config value INVALID_PLAYER to messages.yml
[15:53:32] [Server thread/INFO]: [SkinsRestorer] Saving new config value SKIN_COOLDOWN to messages.yml
[15:53:32] [Server thread/INFO]: [SkinsRestorer] Saving new config value SKIN_CHANGE_SUCCESS to messages.yml
[15:53:32] [Server thread/INFO]: [SkinsRestorer] Saving new config value SKIN_CLEAR_SUCCESS to messages.yml
[15:53:32] [Server thread/INFO]: [SkinsRestorer] Saving new config value SKIN_CLEAR_ISSUER to messages.yml
[15:53:32] [Server thread/INFO]: [SkinsRestorer] Saving new config value MS_UPDATING_SKIN to messages.yml
[15:53:32] [Server thread/INFO]: [SkinsRestorer] Saving new config value SUCCESS_UPDATING_SKIN to messages.yml
[15:53:32] [Server thread/INFO]: [SkinsRestorer] Saving new config value SUCCESS_UPDATING_SKIN_OTHER to messages.yml
[15:53:32] [Server thread/INFO]: [SkinsRestorer] Saving new config value ERROR_UPDATING_SKIN to messages.yml
[15:53:32] [Server thread/INFO]: [SkinsRestorer] Saving new config value ERROR_UPDATING_URL to messages.yml
[15:53:32] [Server thread/INFO]: [SkinsRestorer] Saving new config value ERROR_UPDATING_CUSTOMSKIN to messages.yml
[15:53:32] [Server thread/INFO]: [SkinsRestorer] Saving new config value ERROR_INVALID_URLSKIN to messages.yml
[15:53:32] [Server thread/INFO]: [SkinsRestorer] Saving new config value ERROR_MS_FULL to messages.yml
[15:53:32] [Server thread/INFO]: [SkinsRestorer] Saving new config value ERROR_MS_GENERIC to messages.yml
[15:53:32] [Server thread/INFO]: [SkinsRestorer] Saving new config value GENERIC_ERROR to messages.yml
[15:53:32] [Server thread/INFO]: [SkinsRestorer] Saving new config value WAIT_A_MINUTE to messages.yml
[15:53:32] [Server thread/INFO]: [SkinsRestorer] Saving new config value ERROR_NO_SKIN to messages.yml
[15:53:32] [Server thread/INFO]: [SkinsRestorer] Saving new config value SKINSMENU_OPEN to messages.yml
[15:53:32] [Server thread/INFO]: [SkinsRestorer] Saving new config value SKINSMENU_TITLE_NEW to messages.yml
[15:53:32] [Server thread/INFO]: [SkinsRestorer] Saving new config value SKINSMENU_NEXT_PAGE to messages.yml
[15:53:32] [Server thread/INFO]: [SkinsRestorer] Saving new config value SKINSMENU_PREVIOUS_PAGE to messages.yml
[15:53:32] [Server thread/INFO]: [SkinsRestorer] Saving new config value SKINSMENU_REMOVE_SKIN to messages.yml
[15:53:32] [Server thread/INFO]: [SkinsRestorer] Saving new config value SKINSMENU_SELECT_SKIN to messages.yml
[15:53:32] [Server thread/INFO]: [SkinsRestorer] Saving new config value ADMIN_SET_SKIN to messages.yml
[15:53:32] [Server thread/INFO]: [SkinsRestorer] Saving new config value DATA_DROPPED to messages.yml
[15:53:32] [Server thread/INFO]: [SkinsRestorer] Saving new config value STATUS_OK to messages.yml
[15:53:32] [Server thread/INFO]: [SkinsRestorer] Saving new config value ALT_API_FAILED to messages.yml
[15:53:32] [Server thread/INFO]: [SkinsRestorer] Saving new config value MS_API_FAILED to messages.yml
[15:53:32] [Server thread/INFO]: [SkinsRestorer] Saving new config value NO_SKIN_DATA to messages.yml
[15:53:32] [Server thread/INFO]: [SkinsRestorer] Saving new config value RELOAD to messages.yml
[15:53:32] [Server thread/INFO]: [SkinsRestorer] Saving new config value OUTDATED to messages.yml
[15:53:32] [Server thread/INFO]: [SkinsRestorer] Saving new config value SR_LINE to messages.yml
[15:53:32] [Server thread/INFO]: [SkinsRestorer] Saving new config value HELP_PLAYER to messages.yml
[15:53:32] [Server thread/INFO]: [SkinsRestorer] [ACF] Enabled Asynchronous Tab Completion Support!
[15:53:33] [Server thread/INFO]: [Colored Signs] Enabling ColoredSigns v4.1.0*
[15:53:33] [Server thread/INFO]: [TreeFeller] Enabling TreeFeller v1.13.5
[15:53:33] [Server thread/INFO]: [TreeFeller] TreeFeller has been enabled! (Version 1.13.5) by ThizThizzyDizzy
[15:53:33] [Server thread/INFO]: [TreeFeller] Server version: 1_16_R2
[15:53:33] [Server thread/INFO]: [TreeFeller] Loaded global values:
[15:53:33] [Server thread/INFO]: [TreeFeller] - Startup Logs: true
[15:53:33] [Server thread/INFO]: [TreeFeller] - Scan Distance: 256
[15:53:33] [Server thread/INFO]: [TreeFeller] - Leaf Range: 6
[15:53:33] [Server thread/INFO]: [TreeFeller] - Required Logs: 4
[15:53:33] [Server thread/INFO]: [TreeFeller] - Required Leaves: 10
[15:53:33] [Server thread/INFO]: [TreeFeller] - Max Logs: 250
[15:53:33] [Server thread/INFO]: [TreeFeller] - Max Height: 5
[15:53:33] [Server thread/INFO]: [TreeFeller] - Allow Partial: false
[15:53:33] [Server thread/INFO]: [TreeFeller] - Player Leaves: false
[15:53:33] [Server thread/INFO]: [TreeFeller] - Diagonal Leaves: false
[15:53:33] [Server thread/INFO]: [TreeFeller] - Ignore Leaf Data: false
[15:53:33] [Server thread/INFO]: [TreeFeller] - Require Cross Section: false
[15:53:33] [Server thread/INFO]: [TreeFeller] - Force Distance Check: false
[15:53:33] [Server thread/INFO]: [TreeFeller] - Cutting Animation: false
[15:53:33] [Server thread/INFO]: [TreeFeller] - Anim Delay: 1
[15:53:33] [Server thread/INFO]: [TreeFeller] - Replant Saplings: false
[15:53:33] [Server thread/INFO]: [TreeFeller] - Spawn Saplings: 0
[15:53:33] [Server thread/INFO]: [TreeFeller] - Grass: [PODZOL, GRASS_BLOCK, DIRT]
[15:53:33] [Server thread/INFO]: [TreeFeller] - Log Behavior: BREAK
[15:53:33] [Server thread/INFO]: [TreeFeller] - Leaf Behavior: BREAK
[15:53:33] [Server thread/INFO]: [TreeFeller] - Directional Fall Behavior: RANDOM
[15:53:33] [Server thread/INFO]: [TreeFeller] - Overridables: [TALL_GRASS, FERN, AIR, WATER, SEAGRASS, TALL_SEAGRASS, LARGE_FERN, GRASS, CAVE_AIR]
[15:53:33] [Server thread/INFO]: [TreeFeller] - Lock Fall Cardinal: true
[15:53:33] [Server thread/INFO]: [TreeFeller] - Directional Fall Velocity: 0.35
[15:53:33] [Server thread/INFO]: [TreeFeller] - Vertical Fall Velocity: 0.05
[15:53:33] [Server thread/INFO]: [TreeFeller] - Random Fall Velocity: 0.0
[15:53:33] [Server thread/INFO]: [TreeFeller] - Respect Unbreaking: true
[15:53:33] [Server thread/INFO]: [TreeFeller] - Damage Mult: 1.0
[15:53:33] [Server thread/INFO]: [TreeFeller] - Leaf Fortune: true
[15:53:33] [Server thread/INFO]: [TreeFeller] - Leaf Silk Touch: false
[15:53:33] [Server thread/INFO]: [TreeFeller] - Log Fortune: true
[15:53:33] [Server thread/INFO]: [TreeFeller] - Log Silk Touch: true
[15:53:33] [Server thread/INFO]: [TreeFeller] - Leave Stump: false
[15:53:33] [Server thread/INFO]: [TreeFeller] - Rotate Logs: true
[15:53:33] [Server thread/INFO]: [TreeFeller] - Convert Wood To Log: true
[15:53:33] [Server thread/INFO]: [TreeFeller] - Leaf Drop Chance: 1.0
[15:53:33] [Server thread/INFO]: [TreeFeller] - Log Drop Chance: 1.0
[15:53:33] [Server thread/INFO]: [TreeFeller] - Effects: []
[15:53:33] [Server thread/INFO]: [TreeFeller] - Prevent Breakage: false
[15:53:33] [Server thread/INFO]: [TreeFeller] - Enable Adventure: false
[15:53:33] [Server thread/INFO]: [TreeFeller] - Enable Survival: true
[15:53:33] [Server thread/INFO]: [TreeFeller] - Enable Creative: false
[15:53:33] [Server thread/INFO]: [TreeFeller] - With Sneak: false
[15:53:33] [Server thread/INFO]: [TreeFeller] - Without Sneak: true
[15:53:33] [Server thread/INFO]: [TreeFeller] - World Blacklist: false
[15:53:33] [Server thread/INFO]: [TreeFeller] - Compatibility MMOCore: true
[15:53:33] [Server thread/INFO]: [TreeFeller] - Compatibility Jobs: true
[15:53:33] [Server thread/INFO]: [TreeFeller] - MCMMO Double Drops: true
[15:53:33] [Server thread/INFO]: [TreeFeller] - Compatibility mcMMO: true
[15:53:33] [Server thread/INFO]: [TreeFeller] - Compatibility CoreProtect: true
[15:53:33] [Server thread/INFO]: [TreeFeller] - Compatibility WorldGuard: true
[15:53:33] [Server thread/INFO]: [TreeFeller] - Compatibility GriefPrevention: true
[15:53:33] [Server thread/INFO]: [TreeFeller] Loaded Tree!
[15:53:33] [Server thread/INFO]: [TreeFeller] - Trunk: OAK_LOG, OAK_WOOD
[15:53:33] [Server thread/INFO]: [TreeFeller] - Leaves: OAK_LEAVES
[15:53:33] [Server thread/INFO]: [TreeFeller] - Sapling: OAK_SAPLING
[15:53:33] [Server thread/INFO]: [TreeFeller] - Max Saplings: 1
[15:53:33] [Server thread/INFO]: [TreeFeller] Loaded Tree!
[15:53:33] [Server thread/INFO]: [TreeFeller] - Trunk: BIRCH_LOG, BIRCH_WOOD
[15:53:33] [Server thread/INFO]: [TreeFeller] - Leaves: BIRCH_LEAVES
[15:53:33] [Server thread/INFO]: [TreeFeller] - Sapling: BIRCH_SAPLING
[15:53:33] [Server thread/INFO]: [TreeFeller] - Max Saplings: 1
[15:53:33] [Server thread/INFO]: [TreeFeller] Loaded Tree!
[15:53:33] [Server thread/INFO]: [TreeFeller] - Trunk: SPRUCE_LOG, SPRUCE_WOOD
[15:53:33] [Server thread/INFO]: [TreeFeller] - Leaves: SPRUCE_LEAVES
[15:53:33] [Server thread/INFO]: [TreeFeller] - Sapling: SPRUCE_SAPLING
[15:53:33] [Server thread/INFO]: [TreeFeller] - Max Saplings: 1
[15:53:33] [Server thread/INFO]: [TreeFeller] Loaded Tree!
[15:53:33] [Server thread/INFO]: [TreeFeller] - Trunk: JUNGLE_LOG, JUNGLE_WOOD
[15:53:33] [Server thread/INFO]: [TreeFeller] - Leaves: JUNGLE_LEAVES
[15:53:33] [Server thread/INFO]: [TreeFeller] - Sapling: JUNGLE_SAPLING
[15:53:33] [Server thread/INFO]: [TreeFeller] - Max Saplings: 4
[15:53:33] [Server thread/INFO]: [TreeFeller] Loaded Tree!
[15:53:33] [Server thread/INFO]: [TreeFeller] - Trunk: DARK_OAK_LOG, DARK_OAK_WOOD
[15:53:33] [Server thread/INFO]: [TreeFeller] - Leaves: DARK_OAK_LEAVES
[15:53:33] [Server thread/INFO]: [TreeFeller] - Sapling: DARK_OAK_SAPLING
[15:53:33] [Server thread/INFO]: [TreeFeller] - Max Saplings: 4
[15:53:33] [Server thread/INFO]: [TreeFeller] Loaded Tree!
[15:53:33] [Server thread/INFO]: [TreeFeller] - Trunk: ACACIA_LOG, ACACIA_WOOD
[15:53:33] [Server thread/INFO]: [TreeFeller] - Leaves: ACACIA_LEAVES
[15:53:33] [Server thread/INFO]: [TreeFeller] - Sapling: ACACIA_SAPLING
[15:53:33] [Server thread/INFO]: [TreeFeller] - Max Saplings: 1
[15:53:33] [Server thread/INFO]: [TreeFeller] Loaded Tree!
[15:53:33] [Server thread/INFO]: [TreeFeller] - Trunk: CRIMSON_STEM, CRIMSON_HYPHAE
[15:53:33] [Server thread/INFO]: [TreeFeller] - Leaves: NETHER_WART_BLOCK, SHROOMLIGHT
[15:53:33] [Server thread/INFO]: [TreeFeller] - Leaf Range: 8
[15:53:33] [Server thread/INFO]: [TreeFeller] - Diagonal Leaves: true
[15:53:33] [Server thread/INFO]: [TreeFeller] - Sapling: CRIMSON_FUNGUS
[15:53:33] [Server thread/INFO]: [TreeFeller] - Max Saplings: 1
[15:53:33] [Server thread/INFO]: [TreeFeller] - Grass: [CRIMSON_NYLIUM]
[15:53:33] [Server thread/INFO]: [TreeFeller] Loaded Tree!
[15:53:33] [Server thread/INFO]: [TreeFeller] - Trunk: WARPED_STEM, WARPED_HYPHAE
[15:53:33] [Server thread/INFO]: [TreeFeller] - Leaves: WARPED_WART_BLOCK, SHROOMLIGHT
[15:53:33] [Server thread/INFO]: [TreeFeller] - Leaf Range: 8
[15:53:33] [Server thread/INFO]: [TreeFeller] - Diagonal Leaves: true
[15:53:33] [Server thread/INFO]: [TreeFeller] - Sapling: WARPED_FUNGUS
[15:53:33] [Server thread/INFO]: [TreeFeller] - Max Saplings: 1
[15:53:33] [Server thread/INFO]: [TreeFeller] - Grass: [WARPED_NYLIUM]
[15:53:33] [Server thread/INFO]: [TreeFeller] Loaded tool: WOODEN_AXE
[15:53:33] [Server thread/INFO]: [TreeFeller] Loaded tool: STONE_AXE
[15:53:33] [Server thread/INFO]: [TreeFeller] Loaded tool: IRON_AXE
[15:53:33] [Server thread/INFO]: [TreeFeller] Loaded tool: GOLDEN_AXE
[15:53:33] [Server thread/INFO]: [TreeFeller] Loaded tool: DIAMOND_AXE
[15:53:33] [Server thread/INFO]: [TreeFeller] Loaded tool: NETHERITE_AXE
[15:53:33] [Server thread/INFO]: [MineableSpawners] Enabling MineableSpawners v3.0.10
[15:53:33] [Server thread/INFO]: [MineableSpawners] vault not found, economy features disabled.
[15:53:34] [Server thread/INFO]: [ChestSort] Enabling ChestSort v8.17.7
[15:53:34] [Server thread/INFO]: [ChestSort] Use permissions: true
[15:53:34] [Server thread/INFO]: [ChestSort] Current sorting method: {category},{itemsFirst},{name},{color},{customName}
[15:53:34] [Server thread/INFO]: [ChestSort] Allow automatic chest sorting:true
[15:53:34] [Server thread/INFO]: [ChestSort]   |- Chest sorting enabled by default: false
[15:53:34] [Server thread/INFO]: [ChestSort]   |- Sort time: close
[15:53:34] [Server thread/INFO]: [ChestSort] Allow automatic inventory sorting:true
[15:53:34] [Server thread/INFO]: [ChestSort]   |- Inventory sorting enabled by default: false
[15:53:34] [Server thread/INFO]: [ChestSort] Auto generate category files: true
[15:53:34] [Server thread/INFO]: [ChestSort] Allow hotkeys: true
[15:53:34] [Server thread/INFO]: [ChestSort] Hotkeys enabled by default:
[15:53:34] [Server thread/INFO]: [ChestSort]   |- Middle-Click: true
[15:53:34] [Server thread/INFO]: [ChestSort]   |- Shift-Click: true
[15:53:34] [Server thread/INFO]: [ChestSort]   |- Double-Click: true
[15:53:34] [Server thread/INFO]: [ChestSort]   |- Shift-Right-Click: true
[15:53:34] [Server thread/INFO]: [ChestSort] Allow additional hotkeys: true
[15:53:34] [Server thread/INFO]: [ChestSort] Additional hotkeys enabled by default:
[15:53:34] [Server thread/INFO]: [ChestSort]   |- Left-Click: false
[15:53:34] [Server thread/INFO]: [ChestSort]   |- Right-Click: false
[15:53:34] [Server thread/INFO]: [ChestSort] Check for updates: true
[15:53:34] [Server thread/INFO]: [ChestSort] Check interval: 4 hours (14400 seconds)
[15:53:34] [Server thread/INFO]: [ChestSort] Categories: 900-weapons (6), 905-common-tools (4), 907-other-tools (6), 909-food (33), 910-valuables (47), 920-armor-and-arrows (9), 930-brewing (18), 950-redstone (23), 960-wood (60), 970-stone (38), 980-plants (50), 981-corals (1)
[15:53:34] [Server thread/INFO]: [WorldGuard] Enabling WorldGuard v7.0.4+f7ff984
[15:53:34] [Server thread/INFO]: [WorldGuard] (world) TNT ignition is PERMITTED.
[15:53:34] [Server thread/INFO]: [WorldGuard] (world) Lighters are PERMITTED.
[15:53:34] [Server thread/INFO]: [WorldGuard] (world) Lava fire is PERMITTED.
[15:53:34] [Server thread/INFO]: [WorldGuard] (world) Fire spread is UNRESTRICTED.
[15:53:34] [Server thread/INFO]: [WorldGuard] Loaded configuration for world 'world'
[15:53:34] [Server thread/INFO]: [WorldGuard] (world_nether) TNT ignition is PERMITTED.
[15:53:34] [Server thread/INFO]: [WorldGuard] (world_nether) Lighters are PERMITTED.
[15:53:34] [Server thread/INFO]: [WorldGuard] (world_nether) Lava fire is PERMITTED.
[15:53:34] [Server thread/INFO]: [WorldGuard] (world_nether) Fire spread is UNRESTRICTED.
[15:53:34] [Server thread/INFO]: [WorldGuard] Loaded configuration for world 'world_nether'
[15:53:34] [Server thread/INFO]: [WorldGuard] (world_the_end) TNT ignition is PERMITTED.
[15:53:34] [Server thread/INFO]: [WorldGuard] (world_the_end) Lighters are PERMITTED.
[15:53:34] [Server thread/INFO]: [WorldGuard] (world_the_end) Lava fire is PERMITTED.
[15:53:34] [Server thread/INFO]: [WorldGuard] (world_the_end) Fire spread is UNRESTRICTED.
[15:53:34] [Server thread/INFO]: [WorldGuard] Loaded configuration for world 'world_the_end'
[15:53:34] [Server thread/INFO]: [WorldGuard] Loading region data...
[15:53:34] [Server thread/INFO]: [EliteMobs] Enabling EliteMobs v7.2.0
[15:53:34] [Server thread/INFO]:  _____ _     _____ _____ ________  ______________  _____
[15:53:34] [Server thread/INFO]: |  ___| |   |_   _|_   _|  ___|  \/  |  _  | ___ \/  ___|
[15:53:34] [Server thread/INFO]: | |__ | |     | |   | | | |__ | .  . | | | | |_/ /\ `--.
[15:53:34] [Server thread/INFO]: |  __|| |     | |   | | |  __|| |\/| | | | | ___ \ `--. \
[15:53:34] [Server thread/INFO]: | |___| |_____| |_  | | | |___| |  | \ \_/ / |_/ //\__/ /
[15:53:34] [Server thread/INFO]: \____/\_____/\___/  \_/ \____/\_|  |_/\___/\____/ \____/
[15:53:34] [Server thread/INFO]: By MagmaGuy
[15:53:34] [Server thread/INFO]: [EliteMobs] Custom Treasure Chest in file test_custom_treasure_config.ymldoes not have a defined location! It will not spawn.
[15:53:34] [Server thread/INFO]: [EliteMobs] WorldGuard compatibility is enabled!
[15:53:34] [Server thread/INFO]: Opened database successfully
[15:53:34] [Server thread/WARN]: [EliteMobs] NPC special_blacksmith.yml tried to spawn in an invalid location. This may be due to region protection preventing it from spawning correctly. If not, delete the location in its configuration file and try setting it up again.
[15:53:34] [Server thread/WARN]: [EliteMobs] NPC blacksmith.yml tried to spawn in an invalid location. This may be due to region protection preventing it from spawning correctly. If not, delete the location in its configuration file and try setting it up again.
[15:53:34] [Server thread/WARN]: [EliteMobs] NPC guild_attendant.yml tried to spawn in an invalid location. This may be due to region protection preventing it from spawning correctly. If not, delete the location in its configuration file and try setting it up again.
[15:53:34] [Server thread/WARN]: [EliteMobs] NPC barkeep.yml tried to spawn in an invalid location. This may be due to region protection preventing it from spawning correctly. If not, delete the location in its configuration file and try setting it up again.
[15:53:34] [Server thread/WARN]: [EliteMobs] NPC combat_instructor.yml tried to spawn in an invalid location. This may be due to region protection preventing it from spawning correctly. If not, delete the location in its configuration file and try setting it up again.
[15:53:34] [Server thread/WARN]: [EliteMobs] NPC quest_giver.yml tried to spawn in an invalid location. This may be due to region protection preventing it from spawning correctly. If not, delete the location in its configuration file and try setting it up again.
[15:53:34] [Server thread/INFO]: [mcMMO] Enabling mcMMO v2.1.151-SNAPSHOT
[15:53:34] [Server thread/INFO]: [mcMMO] Platform String: 1.16.3-R0.1-SNAPSHOT
[15:53:34] [Server thread/INFO]: [mcMMO] Minecraft version determined to be - 1.16.3
[15:53:34] [Server thread/INFO]: [mcMMO] Loading compatibility layers...
[15:53:34] [Server thread/INFO]: [mcMMO] Finished loading compatibility layers.
[15:53:35] [Server thread/INFO]: [mcMMO] Enabling Acrobatics Skills
[15:53:35] [Server thread/INFO]: [mcMMO] Registered subskill: Roll
[15:53:35] [Server thread/INFO]: [mcMMO] 0 entries in mcMMO World Blacklist
[15:53:35] [Server thread/INFO]: [SmoothTimber] Enabling SmoothTimber v1.9.2
[15:53:35] [Server thread/INFO]: SmoothTimber || You're currently using the supported Minecraft Version 1.16.3 (Core v1_16x)
[15:53:35] [Server thread/INFO]: Running delayed init tasks
[15:53:35] [Server thread/INFO]: Done (8.388s)! For help, type "help"
[15:53:35] [Server thread/INFO]: Timings Reset
[15:53:35] [Craft Scheduler Thread - 1/INFO]: [EliteMobs] Latest public release is 7.2.0
[15:53:35] [Craft Scheduler Thread - 1/INFO]: [EliteMobs] Your version is 7.2.0
[15:53:35] [Craft Scheduler Thread - 1/INFO]: [EliteMobs] You are running the latest version!
[15:53:35] [Craft Scheduler Thread - 2/INFO]: [SkinsRestorer] ----------------------------------------------
[15:53:35] [Craft Scheduler Thread - 2/INFO]: [SkinsRestorer]     +===============+
[15:53:35] [Craft Scheduler Thread - 2/INFO]: [SkinsRestorer]     | SkinsRestorer |
[15:53:35] [Craft Scheduler Thread - 2/INFO]: [SkinsRestorer]     |---------------|
[15:53:35] [Craft Scheduler Thread - 2/INFO]: [SkinsRestorer]     |  Bukkit only  |
[15:53:35] [Craft Scheduler Thread - 2/INFO]: [SkinsRestorer]     +===============+
[15:53:35] [Craft Scheduler Thread - 2/INFO]: [SkinsRestorer] ----------------------------------------------
[15:53:35] [Craft Scheduler Thread - 2/INFO]: [SkinsRestorer]     Current version: 13.8.4
[15:53:35] [Craft Scheduler Thread - 2/INFO]: [SkinsRestorer]     This is the latest version!
[15:53:35] [Craft Scheduler Thread - 2/INFO]: [SkinsRestorer] ----------------------------------------------
[15:53:35] [Server thread/INFO]: [ChestSort] You are using the latest version of ChestSort.
[15:54:30] [User Authenticator #1/INFO]: UUID of player Edolin is 4550fe20-2f3c-30d1-898c-8c915a007676
[15:54:31] [Server thread/INFO]: Edolin joined the game
[15:54:31] [Server thread/INFO]: Edolin[/127.0.0.1:64547] logged in with entity id 364 at ([world]-156.79032873494285, 198.42824048124893, 161.74856252123385)
[15:54:54] [Async Chat Thread - #0/INFO]: <Edolin> asdadw
[15:55:43] [Server thread/INFO]: Edolin issued server command: /gamemode survival
[15:55:43] [Server thread/INFO]: [Edolin: Set own game mode to Survival Mode]
[15:55:47] [Server thread/INFO]: Edolin fell from a high place
[15:58:54] [Server thread/INFO]: Edolin was slain by Zombie
[15:59:22] [Server thread/INFO]: Edolin lost connection: Disconnected
[15:59:22] [Server thread/INFO]: Edolin left the game
